b/intermediates/manifest_merge_blame_file/release/processReleaseMainManifest/manifest-merger-blame-release-report.txt
1<?xml version="1.0" encoding="utf-8"?>
2<manifest xmlns:android="http://schemas.android.com/apk/res/android"
3    package="app.nexusbuild.mobile"
4    android:versionCode="511"
5    android:versionName="0.5.11" >
6
7    <uses-sdk
8        android:minSdkVersion="24"
9        android:targetSdkVersion="36" />
10
11    <uses-permission android:name="android.permission.INTERNET" />
11-->src\main\AndroidManifest.xml:2:3-64
11-->src\main\AndroidManifest.xml:2:20-62
12    <uses-permission
12-->src\main\AndroidManifest.xml:3:3-77
13        android:name="android.permission.READ_EXTERNAL_STORAGE"
13-->src\main\AndroidManifest.xml:3:20-75
14        android:maxSdkVersion="32" />
14-->[BareExpo:expo.modules.image:3.0.11] AndroidManifest.xml:17:9-35
15    <uses-permission android:name="android.permission.RECORD_AUDIO" />
15-->src\main\AndroidManifest.xml:4:3-68
15-->src\main\AndroidManifest.xml:4:20-66
16    <uses-permission android:name="android.permission.SYSTEM_ALERT_WINDOW" />
16-->src\main\AndroidManifest.xml:5:3-75
16-->src\main\AndroidManifest.xml:5:20-73
17    <uses-permission android:name="android.permission.VIBRATE" />
17-->src\main\AndroidManifest.xml:6:3-63
17-->src\main\AndroidManifest.xml:6:20-61
18    <uses-permission android:name="android.permission.WRITE_EXTERNAL_STORAGE" />
18-->src\main\AndroidManifest.xml:7:3-78
18-->src\main\AndroidManifest.xml:7:20-76
19
20    <queries>
20-->src\main\AndroidManifest.xml:8:3-14:13
21        <intent>
21-->src\main\AndroidManifest.xml:9:5-13:14
22            <action android:name="android.intent.action.VIEW" />
22-->src\main\AndroidManifest.xml:10:7-58
22-->src\main\AndroidManifest.xml:10:15-56
23
24            <category android:name="android.intent.category.BROWSABLE" />
24-->src\main\AndroidManifest.xml:11:7-67
24-->src\main\AndroidManifest.xml:11:17-65
25
26            <data android:scheme="https" />
26-->src\main\AndroidManifest.xml:12:7-37
26-->src\main\AndroidManifest.xml:12:13-35
27        </intent>
28        <!-- Query open documents -->
29        <intent>
29-->[host.exp.exponent:expo.modules.filesystem:19.0.21] AndroidManifest.xml:15:9-17:18
30            <action android:name="android.intent.action.OPEN_DOCUMENT_TREE" />
30-->[host.exp.exponent:expo.modules.filesystem:19.0.21] AndroidManifest.xml:16:13-79
30-->[host.exp.exponent:expo.modules.filesystem:19.0.21] AndroidManifest.xml:16:21-76
31        </intent>
32        <intent>
32-->[host.exp.exponent:expo.modules.imagepicker:17.0.10] AndroidManifest.xml:15:9-19:18
33
34            <!-- Required for picking images from the camera roll if targeting API 30 -->
35            <action android:name="android.media.action.IMAGE_CAPTURE" />
35-->[host.exp.exponent:expo.modules.imagepicker:17.0.10] AndroidManifest.xml:18:13-73
35-->[host.exp.exponent:expo.modules.imagepicker:17.0.10] AndroidManifest.xml:18:21-70
36        </intent>
37        <intent>
37-->[host.exp.exponent:expo.modules.imagepicker:17.0.10] AndroidManifest.xml:20:9-24:18
38
39            <!-- Required for picking images from the camera if targeting API 30 -->
40            <action android:name="android.media.action.ACTION_VIDEO_CAPTURE" />
40-->[host.exp.exponent:expo.modules.imagepicker:17.0.10] AndroidManifest.xml:23:13-80
40-->[host.exp.exponent:expo.modules.imagepicker:17.0.10] AndroidManifest.xml:23:21-77
41        </intent>
42        <intent>
42-->[host.exp.exponent:expo.modules.sharing:14.0.8] AndroidManifest.xml:8:9-14:18
43
44            <!-- Required for file sharing if targeting API 30 -->
45            <action android:name="android.intent.action.SEND" />
45-->[host.exp.exponent:expo.modules.sharing:14.0.8] AndroidManifest.xml:11:13-65
45-->[host.exp.exponent:expo.modules.sharing:14.0.8] AndroidManifest.xml:11:21-62
46
47            <data android:mimeType="*/*" />
47-->src\main\AndroidManifest.xml:12:7-37
48        </intent>
49        <intent>
49-->[com.vanniktech:android-image-cropper:4.6.0] AndroidManifest.xml:8:9-14:18
50            <action android:name="android.intent.action.GET_CONTENT" />
50-->[com.vanniktech:android-image-cropper:4.6.0] AndroidManifest.xml:9:13-72
50-->[com.vanniktech:android-image-cropper:4.6.0] AndroidManifest.xml:9:21-69
51
52            <category android:name="android.intent.category.OPENABLE" />
52-->[com.vanniktech:android-image-cropper:4.6.0] AndroidManifest.xml:11:13-73
52-->[com.vanniktech:android-image-cropper:4.6.0] AndroidManifest.xml:11:23-70
53
54            <data android:mimeType="*/*" />
54-->src\main\AndroidManifest.xml:12:7-37
55        </intent>
56        <intent>
56-->[com.android.billingclient:billing:7.1.1] AndroidManifest.xml:13:9-15:18
57            <action android:name="com.android.vending.billing.InAppBillingService.BIND" />
57-->[com.android.billingclient:billing:7.1.1] AndroidManifest.xml:14:13-91
57-->[com.android.billingclient:billing:7.1.1] AndroidManifest.xml:14:21-88
58        </intent>
59        <intent>
59-->[com.android.billingclient:billing:7.1.1] AndroidManifest.xml:16:9-18:18
60            <action android:name="com.google.android.apps.play.billingtestcompanion.BillingOverrideService.BIND" />
60-->[com.android.billingclient:billing:7.1.1] AndroidManifest.xml:17:13-116
60-->[com.android.billingclient:billing:7.1.1] AndroidManifest.xml:17:21-113
61        </intent>
62    </queries>
63
64    <uses-permission android:name="android.permission.ACCESS_NETWORK_STATE" />
64-->[:react-native-community_netinfo] AndroidManifest.xml:7:5-79
64-->[:react-native-community_netinfo] AndroidManifest.xml:7:22-76
65    <uses-permission android:name="android.permission.ACCESS_WIFI_STATE" /> <!-- Required for picking images from camera directly -->
65-->[:react-native-community_netinfo] AndroidManifest.xml:8:5-76
65-->[:react-native-community_netinfo] AndroidManifest.xml:8:22-73
66    <uses-permission android:name="android.permission.CAMERA" />
66-->[host.exp.exponent:expo.modules.imagepicker:17.0.10] AndroidManifest.xml:8:5-65
66-->[host.exp.exponent:expo.modules.imagepicker:17.0.10] AndroidManifest.xml:8:22-62
67    <uses-permission android:name="android.permission.RECEIVE_BOOT_COMPLETED" />
67-->[host.exp.exponent:expo.modules.notifications:0.32.16] AndroidManifest.xml:7:5-81
67-->[host.exp.exponent:expo.modules.notifications:0.32.16] AndroidManifest.xml:7:22-78
68    <uses-permission android:name="android.permission.POST_NOTIFICATIONS" />
68-->[host.exp.exponent:expo.modules.notifications:0.32.16] AndroidManifest.xml:8:5-77
68-->[host.exp.exponent:expo.modules.notifications:0.32.16] AndroidManifest.xml:8:22-74
69    <uses-permission android:name="android.permission.WAKE_LOCK" /> <!-- Required by older versions of Google Play services to create IID tokens -->
69-->[com.google.firebase:firebase-messaging:24.0.1] AndroidManifest.xml:24:5-68
69-->[com.google.firebase:firebase-messaging:24.0.1] AndroidManifest.xml:24:22-65
70    <uses-permission android:name="com.google.android.c2dm.permission.RECEIVE" />
70-->[com.google.firebase:firebase-messaging:24.0.1] AndroidManifest.xml:26:5-82
70-->[com.google.firebase:firebase-messaging:24.0.1] AndroidManifest.xml:26:22-79
71    <uses-permission android:name="com.android.vending.BILLING" />
71-->[com.android.billingclient:billing:7.1.1] AndroidManifest.xml:10:5-67
71-->[com.android.billingclient:billing:7.1.1] AndroidManifest.xml:10:22-64
72
73    <permission
73-->[androidx.core:core:1.16.0] AndroidManifest.xml:22:5-24:47
74        android:name="app.nexusbuild.mobile.DYNAMIC_RECEIVER_NOT_EXPORTED_PERMISSION"
74-->[androidx.core:core:1.16.0] AndroidManifest.xml:23:9-81
75        android:protectionLevel="signature" />
75-->[androidx.core:core:1.16.0] AndroidManifest.xml:24:9-44
76
77    <uses-permission android:name="app.nexusbuild.mobile.DYNAMIC_RECEIVER_NOT_EXPORTED_PERMISSION" />
77-->[androidx.core:core:1.16.0] AndroidManifest.xml:26:5-97
77-->[androidx.core:core:1.16.0] AndroidManifest.xml:26:22-94
78    <uses-permission android:name="com.google.android.finsky.permission.BIND_GET_INSTALL_REFERRER_SERVICE" /> <!-- for android -->
78-->[com.android.installreferrer:installreferrer:2.2] AndroidManifest.xml:9:5-110
78-->[com.android.installreferrer:installreferrer:2.2] AndroidManifest.xml:9:22-107
79    <!-- <uses-permission android:name="com.android.launcher.permission.READ_SETTINGS"/> -->
80    <!-- <uses-permission android:name="com.android.launcher.permission.WRITE_SETTINGS"/> -->
81    <!-- <uses-permission android:name="com.android.launcher.permission.INSTALL_SHORTCUT" /> -->
82    <!-- <uses-permission android:name="com.android.launcher.permission.UNINSTALL_SHORTCUT" /> -->
83    <!-- for Samsung -->
84    <uses-permission android:name="com.sec.android.provider.badge.permission.READ" />
84-->[me.leolin:ShortcutBadger:1.1.22] AndroidManifest.xml:19:5-86
84-->[me.leolin:ShortcutBadger:1.1.22] AndroidManifest.xml:19:22-83
85    <uses-permission android:name="com.sec.android.provider.badge.permission.WRITE" /> <!-- for htc -->
85-->[me.leolin:ShortcutBadger:1.1.22] AndroidManifest.xml:20:5-87
85-->[me.leolin:ShortcutBadger:1.1.22] AndroidManifest.xml:20:22-84
86    <uses-permission android:name="com.htc.launcher.permission.READ_SETTINGS" />
86-->[me.leolin:ShortcutBadger:1.1.22] AndroidManifest.xml:23:5-81
86-->[me.leolin:ShortcutBadger:1.1.22] AndroidManifest.xml:23:22-78
87    <uses-permission android:name="com.htc.launcher.permission.UPDATE_SHORTCUT" /> <!-- for sony -->
87-->[me.leolin:ShortcutBadger:1.1.22] AndroidManifest.xml:24:5-83
87-->[me.leolin:ShortcutBadger:1.1.22] AndroidManifest.xml:24:22-80
88    <uses-permission android:name="com.sonyericsson.home.permission.BROADCAST_BADGE" />
88-->[me.leolin:ShortcutBadger:1.1.22] AndroidManifest.xml:27:5-88
88-->[me.leolin:ShortcutBadger:1.1.22] AndroidManifest.xml:27:22-85
89    <uses-permission android:name="com.sonymobile.home.permission.PROVIDER_INSERT_BADGE" /> <!-- for apex -->
89-->[me.leolin:ShortcutBadger:1.1.22] AndroidManifest.xml:28:5-92
89-->[me.leolin:ShortcutBadger:1.1.22] AndroidManifest.xml:28:22-89
90    <uses-permission android:name="com.anddoes.launcher.permission.UPDATE_COUNT" /> <!-- for solid -->
90-->[me.leolin:ShortcutBadger:1.1.22] AndroidManifest.xml:31:5-84
90-->[me.leolin:ShortcutBadger:1.1.22] AndroidManifest.xml:31:22-81
91    <uses-permission android:name="com.majeur.launcher.permission.UPDATE_BADGE" /> <!-- for huawei -->
91-->[me.leolin:ShortcutBadger:1.1.22] AndroidManifest.xml:34:5-83
91-->[me.leolin:ShortcutBadger:1.1.22] AndroidManifest.xml:34:22-80
92    <uses-permission android:name="com.huawei.android.launcher.permission.CHANGE_BADGE" />
92-->[me.leolin:ShortcutBadger:1.1.22] AndroidManifest.xml:37:5-91
92-->[me.leolin:ShortcutBadger:1.1.22] AndroidManifest.xml:37:22-88
93    <uses-permission android:name="com.huawei.android.launcher.permission.READ_SETTINGS" />
93-->[me.leolin:ShortcutBadger:1.1.22] AndroidManifest.xml:38:5-92
93-->[me.leolin:ShortcutBadger:1.1.22] AndroidManifest.xml:38:22-89
94    <uses-permission android:name="com.huawei.android.launcher.permission.WRITE_SETTINGS" /> <!-- for ZUK -->
94-->[me.leolin:ShortcutBadger:1.1.22] AndroidManifest.xml:39:5-93
94-->[me.leolin:ShortcutBadger:1.1.22] AndroidManifest.xml:39:22-90
95    <uses-permission android:name="android.permission.READ_APP_BADGE" /> <!-- for OPPO -->
95-->[me.leolin:ShortcutBadger:1.1.22] AndroidManifest.xml:42:5-73
95-->[me.leolin:ShortcutBadger:1.1.22] AndroidManifest.xml:42:22-70
96    <uses-permission android:name="com.oppo.launcher.permission.READ_SETTINGS" />
96-->[me.leolin:ShortcutBadger:1.1.22] AndroidManifest.xml:45:5-82
96-->[me.leolin:ShortcutBadger:1.1.22] AndroidManifest.xml:45:22-79
97    <uses-permission android:name="com.oppo.launcher.permission.WRITE_SETTINGS" /> <!-- for EvMe -->
97-->[me.leolin:ShortcutBadger:1.1.22] AndroidManifest.xml:46:5-83
97-->[me.leolin:ShortcutBadger:1.1.22] AndroidManifest.xml:46:22-80
98    <uses-permission android:name="me.everything.badger.permission.BADGE_COUNT_READ" />
98-->[me.leolin:ShortcutBadger:1.1.22] AndroidManifest.xml:49:5-88
98-->[me.leolin:ShortcutBadger:1.1.22] AndroidManifest.xml:49:22-85
99    <uses-permission android:name="me.everything.badger.permission.BADGE_COUNT_WRITE" />
99-->[me.leolin:ShortcutBadger:1.1.22] AndroidManifest.xml:50:5-89
99-->[me.leolin:ShortcutBadger:1.1.22] AndroidManifest.xml:50:22-86
100
101    <application
101-->src\main\AndroidManifest.xml:15:3-44:17
102        android:name="app.nexusbuild.mobile.MainApplication"
102-->src\main\AndroidManifest.xml:15:16-47
103        android:allowBackup="true"
103-->src\main\AndroidManifest.xml:15:162-188
104        android:appComponentFactory="androidx.core.app.CoreComponentFactory"
104-->[androidx.core:core:1.16.0] AndroidManifest.xml:28:18-86
105        android:enableOnBackInvokedCallback="false"
105-->src\main\AndroidManifest.xml:15:248-291
106        android:extractNativeLibs="false"
107        android:icon="@mipmap/ic_launcher"
107-->src\main\AndroidManifest.xml:15:81-115
108        android:label="@string/app_name"
108-->src\main\AndroidManifest.xml:15:48-80
109        android:roundIcon="@mipmap/ic_launcher_round"
109-->src\main\AndroidManifest.xml:15:116-161
110        android:supportsRtl="true"
110-->src\main\AndroidManifest.xml:15:221-247
111        android:theme="@style/AppTheme" >
111-->src\main\AndroidManifest.xml:15:189-220
112        <meta-data
112-->src\main\AndroidManifest.xml:16:5-139
113            android:name="com.google.firebase.messaging.default_notification_color"
113-->src\main\AndroidManifest.xml:16:16-87
114            android:resource="@color/notification_icon_color" />
114-->src\main\AndroidManifest.xml:16:88-137
115        <meta-data
115-->src\main\AndroidManifest.xml:17:5-135
116            android:name="com.google.firebase.messaging.default_notification_icon"
116-->src\main\AndroidManifest.xml:17:16-86
117            android:resource="@drawable/notification_icon" />
117-->src\main\AndroidManifest.xml:17:87-133
118        <meta-data
118-->src\main\AndroidManifest.xml:18:5-136
119            android:name="expo.modules.notifications.default_notification_color"
119-->src\main\AndroidManifest.xml:18:16-84
120            android:resource="@color/notification_icon_color" />
120-->src\main\AndroidManifest.xml:18:85-134
121        <meta-data
121-->src\main\AndroidManifest.xml:19:5-132
122            android:name="expo.modules.notifications.default_notification_icon"
122-->src\main\AndroidManifest.xml:19:16-83
123            android:resource="@drawable/notification_icon" />
123-->src\main\AndroidManifest.xml:19:84-130
124        <meta-data
124-->src\main\AndroidManifest.xml:20:5-82
125            android:name="expo.modules.updates.ENABLED"
125-->src\main\AndroidManifest.xml:20:16-59
126            android:value="true" />
126-->src\main\AndroidManifest.xml:20:60-80
127        <meta-data
127-->src\main\AndroidManifest.xml:21:5-119
128            android:name="expo.modules.updates.EXPO_RUNTIME_VERSION"
128-->src\main\AndroidManifest.xml:21:16-72
129            android:value="@string/expo_runtime_version" />
129-->src\main\AndroidManifest.xml:21:73-117
130        <meta-data
130-->src\main\AndroidManifest.xml:22:5-105
131            android:name="expo.modules.updates.EXPO_UPDATES_CHECK_ON_LAUNCH"
131-->src\main\AndroidManifest.xml:22:16-80
132            android:value="ALWAYS" />
132-->src\main\AndroidManifest.xml:22:81-103
133        <meta-data
133-->src\main\AndroidManifest.xml:23:5-99
134            android:name="expo.modules.updates.EXPO_UPDATES_LAUNCH_WAIT_MS"
134-->src\main\AndroidManifest.xml:23:16-79
135            android:value="0" />
135-->src\main\AndroidManifest.xml:23:80-97
136        <meta-data
136-->src\main\AndroidManifest.xml:24:5-141
137            android:name="expo.modules.updates.EXPO_UPDATE_URL"
137-->src\main\AndroidManifest.xml:24:16-67
138            android:value="https://u.expo.dev/4442b336-9701-4066-a405-0a58210ef142" />
138-->src\main\AndroidManifest.xml:24:68-139
139
140        <activity
140-->src\main\AndroidManifest.xml:25:5-43:16
141            android:name="app.nexusbuild.mobile.MainActivity"
141-->src\main\AndroidManifest.xml:25:15-43
142            android:configChanges="keyboard|keyboardHidden|orientation|screenSize|screenLayout|uiMode"
142-->src\main\AndroidManifest.xml:25:44-134
143            android:exported="true"
143-->src\main\AndroidManifest.xml:25:256-279
144            android:launchMode="singleTask"
144-->src\main\AndroidManifest.xml:25:135-166
145            android:screenOrientation="unspecified"
145-->src\main\AndroidManifest.xml:25:280-319
146            android:theme="@style/Theme.App.SplashScreen"
146-->src\main\AndroidManifest.xml:25:210-255
147            android:windowSoftInputMode="adjustResize" >
147-->src\main\AndroidManifest.xml:25:167-209
148            <intent-filter>
148-->src\main\AndroidManifest.xml:26:7-29:23
149                <action android:name="android.intent.action.MAIN" />
149-->src\main\AndroidManifest.xml:27:9-60
149-->src\main\AndroidManifest.xml:27:17-58
150
151                <category android:name="android.intent.category.LAUNCHER" />
151-->src\main\AndroidManifest.xml:28:9-68
151-->src\main\AndroidManifest.xml:28:19-66
152            </intent-filter>
153            <intent-filter>
153-->src\main\AndroidManifest.xml:30:7-35:23
154                <action android:name="android.intent.action.VIEW" />
154-->src\main\AndroidManifest.xml:10:7-58
154-->src\main\AndroidManifest.xml:10:15-56
155
156                <category android:name="android.intent.category.DEFAULT" />
156-->src\main\AndroidManifest.xml:32:9-67
156-->src\main\AndroidManifest.xml:32:19-65
157                <category android:name="android.intent.category.BROWSABLE" />
157-->src\main\AndroidManifest.xml:11:7-67
157-->src\main\AndroidManifest.xml:11:17-65
158
159                <data android:scheme="nexusbuild" />
159-->src\main\AndroidManifest.xml:12:7-37
159-->src\main\AndroidManifest.xml:12:13-35
160            </intent-filter>
161            <intent-filter
161-->src\main\AndroidManifest.xml:36:7-42:23
162                data-generated="true"
162-->src\main\AndroidManifest.xml:36:48-69
163                android:autoVerify="true" >
163-->src\main\AndroidManifest.xml:36:22-47
164                <action android:name="android.intent.action.VIEW" />
164-->src\main\AndroidManifest.xml:10:7-58
164-->src\main\AndroidManifest.xml:10:15-56
165
166                <data
166-->src\main\AndroidManifest.xml:12:7-37
167                    android:host="northernstepstudio.com"
167-->src\main\AndroidManifest.xml:38:38-75
168                    android:pathPrefix="/apps/nexusbuild"
168-->src\main\AndroidManifest.xml:38:76-113
169                    android:scheme="https" />
169-->src\main\AndroidManifest.xml:12:13-35
170                <data
170-->src\main\AndroidManifest.xml:12:7-37
171                    android:host="auth"
171-->src\main\AndroidManifest.xml:38:38-75
172                    android:pathPrefix="/callback"
172-->src\main\AndroidManifest.xml:38:76-113
173                    android:scheme="nexusbuild" />
173-->src\main\AndroidManifest.xml:12:13-35
174
175                <category android:name="android.intent.category.DEFAULT" />
175-->src\main\AndroidManifest.xml:32:9-67
175-->src\main\AndroidManifest.xml:32:19-65
176                <category android:name="android.intent.category.BROWSABLE" />
176-->src\main\AndroidManifest.xml:11:7-67
176-->src\main\AndroidManifest.xml:11:17-65
177            </intent-filter>
178        </activity>
179
180        <meta-data
180-->[:expo-modules-core] AndroidManifest.xml:9:9-11:89
181            android:name="org.unimodules.core.AppLoader#react-native-headless"
181-->[:expo-modules-core] AndroidManifest.xml:10:13-79
182            android:value="expo.modules.adapters.react.apploader.RNHeadlessAppLoader" />
182-->[:expo-modules-core] AndroidManifest.xml:11:13-86
183        <meta-data
183-->[:expo-modules-core] AndroidManifest.xml:12:9-15:45
184            android:name="com.facebook.soloader.enabled"
184-->[:expo-modules-core] AndroidManifest.xml:13:13-57
185            android:value="true" />
185-->[:expo-modules-core] AndroidManifest.xml:14:13-33
186
187        <provider
187-->[host.exp.exponent:expo.modules.clipboard:8.0.8] AndroidManifest.xml:8:9-15:20
188            android:name="expo.modules.clipboard.ClipboardFileProvider"
188-->[host.exp.exponent:expo.modules.clipboard:8.0.8] AndroidManifest.xml:9:13-72
189            android:authorities="app.nexusbuild.mobile.ClipboardFileProvider"
189-->[host.exp.exponent:expo.modules.clipboard:8.0.8] AndroidManifest.xml:10:13-73
190            android:exported="true" >
190-->[host.exp.exponent:expo.modules.clipboard:8.0.8] AndroidManifest.xml:11:13-36
191            <meta-data
191-->[host.exp.exponent:expo.modules.clipboard:8.0.8] AndroidManifest.xml:12:13-14:68
192                android:name="expo.modules.clipboard.CLIPBOARD_FILE_PROVIDER_PATHS"
192-->[host.exp.exponent:expo.modules.clipboard:8.0.8] AndroidManifest.xml:13:17-84
193                android:resource="@xml/clipboard_provider_paths" />
193-->[host.exp.exponent:expo.modules.clipboard:8.0.8] AndroidManifest.xml:14:17-65
194        </provider>
195        <provider
195-->[host.exp.exponent:expo.modules.filesystem:19.0.21] AndroidManifest.xml:21:9-30:20
196            android:name="expo.modules.filesystem.FileSystemFileProvider"
196-->[host.exp.exponent:expo.modules.filesystem:19.0.21] AndroidManifest.xml:22:13-74
197            android:authorities="app.nexusbuild.mobile.FileSystemFileProvider"
197-->[host.exp.exponent:expo.modules.filesystem:19.0.21] AndroidManifest.xml:23:13-74
198            android:exported="false"
198-->[host.exp.exponent:expo.modules.filesystem:19.0.21] AndroidManifest.xml:24:13-37
199            android:grantUriPermissions="true" >
199-->[host.exp.exponent:expo.modules.filesystem:19.0.21] AndroidManifest.xml:25:13-47
200            <meta-data
200-->[host.exp.exponent:expo.modules.filesystem:19.0.21] AndroidManifest.xml:27:13-29:70
201                android:name="android.support.FILE_PROVIDER_PATHS"
201-->[host.exp.exponent:expo.modules.filesystem:19.0.21] AndroidManifest.xml:28:17-67
202                android:resource="@xml/file_system_provider_paths" />
202-->[host.exp.exponent:expo.modules.filesystem:19.0.21] AndroidManifest.xml:29:17-67
203        </provider>
204
205        <service
205-->[host.exp.exponent:expo.modules.imagepicker:17.0.10] AndroidManifest.xml:28:9-40:19
206            android:name="com.google.android.gms.metadata.ModuleDependencies"
206-->[host.exp.exponent:expo.modules.imagepicker:17.0.10] AndroidManifest.xml:29:13-78
207            android:enabled="false"
207-->[host.exp.exponent:expo.modules.imagepicker:17.0.10] AndroidManifest.xml:30:13-36
208            android:exported="false" >
208-->[host.exp.exponent:expo.modules.imagepicker:17.0.10] AndroidManifest.xml:31:13-37
209            <intent-filter>
209-->[host.exp.exponent:expo.modules.imagepicker:17.0.10] AndroidManifest.xml:33:13-35:29
210                <action android:name="com.google.android.gms.metadata.MODULE_DEPENDENCIES" />
210-->[host.exp.exponent:expo.modules.imagepicker:17.0.10] AndroidManifest.xml:34:17-94
210-->[host.exp.exponent:expo.modules.imagepicker:17.0.10] AndroidManifest.xml:34:25-91
211            </intent-filter>
212
213            <meta-data
213-->[host.exp.exponent:expo.modules.imagepicker:17.0.10] AndroidManifest.xml:37:13-39:36
214                android:name="photopicker_activity:0:required"
214-->[host.exp.exponent:expo.modules.imagepicker:17.0.10] AndroidManifest.xml:38:17-63
215                android:value="" />
215-->[host.exp.exponent:expo.modules.imagepicker:17.0.10] AndroidManifest.xml:39:17-33
216        </service>
217
218        <activity
218-->[host.exp.exponent:expo.modules.imagepicker:17.0.10] AndroidManifest.xml:42:9-46:48
219            android:name="expo.modules.imagepicker.ExpoCropImageActivity"
219-->[host.exp.exponent:expo.modules.imagepicker:17.0.10] AndroidManifest.xml:43:13-74
220            android:exported="false"
220-->[host.exp.exponent:expo.modules.imagepicker:17.0.10] AndroidManifest.xml:44:13-37
221            android:theme="@style/Base.Theme.AppCompat" /> <!-- https://developer.android.com/guide/topics/manifest/provider-element.html -->
221-->[host.exp.exponent:expo.modules.imagepicker:17.0.10] AndroidManifest.xml:45:13-56
222        <provider
222-->[host.exp.exponent:expo.modules.imagepicker:17.0.10] AndroidManifest.xml:48:9-56:20
223            android:name="expo.modules.imagepicker.fileprovider.ImagePickerFileProvider"
223-->[host.exp.exponent:expo.modules.imagepicker:17.0.10] AndroidManifest.xml:49:13-89
224            android:authorities="app.nexusbuild.mobile.ImagePickerFileProvider"
224-->[host.exp.exponent:expo.modules.imagepicker:17.0.10] AndroidManifest.xml:50:13-75
225            android:exported="false"
225-->[host.exp.exponent:expo.modules.imagepicker:17.0.10] AndroidManifest.xml:51:13-37
226            android:grantUriPermissions="true" >
226-->[host.exp.exponent:expo.modules.imagepicker:17.0.10] AndroidManifest.xml:52:13-47
227            <meta-data
227-->[host.exp.exponent:expo.modules.filesystem:19.0.21] AndroidManifest.xml:27:13-29:70
228                android:name="android.support.FILE_PROVIDER_PATHS"
228-->[host.exp.exponent:expo.modules.filesystem:19.0.21] AndroidManifest.xml:28:17-67
229                android:resource="@xml/image_picker_provider_paths" />
229-->[host.exp.exponent:expo.modules.filesystem:19.0.21] AndroidManifest.xml:29:17-67
230        </provider>
231
232        <service
232-->[host.exp.exponent:expo.modules.notifications:0.32.16] AndroidManifest.xml:11:9-17:19
233            android:name="expo.modules.notifications.service.ExpoFirebaseMessagingService"
233-->[host.exp.exponent:expo.modules.notifications:0.32.16] AndroidManifest.xml:12:13-91
234            android:exported="false" >
234-->[host.exp.exponent:expo.modules.notifications:0.32.16] AndroidManifest.xml:13:13-37
235            <intent-filter android:priority="-1" >
235-->[host.exp.exponent:expo.modules.notifications:0.32.16] AndroidManifest.xml:14:13-16:29
235-->[host.exp.exponent:expo.modules.notifications:0.32.16] AndroidManifest.xml:14:28-49
236                <action android:name="com.google.firebase.MESSAGING_EVENT" />
236-->[host.exp.exponent:expo.modules.notifications:0.32.16] AndroidManifest.xml:15:17-78
236-->[host.exp.exponent:expo.modules.notifications:0.32.16] AndroidManifest.xml:15:25-75
237            </intent-filter>
238        </service>
239
240        <receiver
240-->[host.exp.exponent:expo.modules.notifications:0.32.16] AndroidManifest.xml:19:9-31:20
241            android:name="expo.modules.notifications.service.NotificationsService"
241-->[host.exp.exponent:expo.modules.notifications:0.32.16] AndroidManifest.xml:20:13-83
242            android:enabled="true"
242-->[host.exp.exponent:expo.modules.notifications:0.32.16] AndroidManifest.xml:21:13-35
243            android:exported="false" >
243-->[host.exp.exponent:expo.modules.notifications:0.32.16] AndroidManifest.xml:22:13-37
244            <intent-filter android:priority="-1" >
244-->[host.exp.exponent:expo.modules.notifications:0.32.16] AndroidManifest.xml:23:13-30:29
244-->[host.exp.exponent:expo.modules.notifications:0.32.16] AndroidManifest.xml:23:28-49
245                <action android:name="expo.modules.notifications.NOTIFICATION_EVENT" />
245-->[host.exp.exponent:expo.modules.notifications:0.32.16] AndroidManifest.xml:24:17-88
245-->[host.exp.exponent:expo.modules.notifications:0.32.16] AndroidManifest.xml:24:25-85
246                <action android:name="android.intent.action.BOOT_COMPLETED" />
246-->[host.exp.exponent:expo.modules.notifications:0.32.16] AndroidManifest.xml:25:17-79
246-->[host.exp.exponent:expo.modules.notifications:0.32.16] AndroidManifest.xml:25:25-76
247                <action android:name="android.intent.action.REBOOT" />
247-->[host.exp.exponent:expo.modules.notifications:0.32.16] AndroidManifest.xml:26:17-71
247-->[host.exp.exponent:expo.modules.notifications:0.32.16] AndroidManifest.xml:26:25-68
248                <action android:name="android.intent.action.QUICKBOOT_POWERON" />
248-->[host.exp.exponent:expo.modules.notifications:0.32.16] AndroidManifest.xml:27:17-82
248-->[host.exp.exponent:expo.modules.notifications:0.32.16] AndroidManifest.xml:27:25-79
249                <action android:name="com.htc.intent.action.QUICKBOOT_POWERON" />
249-->[host.exp.exponent:expo.modules.notifications:0.32.16] AndroidManifest.xml:28:17-82
249-->[host.exp.exponent:expo.modules.notifications:0.32.16] AndroidManifest.xml:28:25-79
250                <action android:name="android.intent.action.MY_PACKAGE_REPLACED" />
250-->[host.exp.exponent:expo.modules.notifications:0.32.16] AndroidManifest.xml:29:17-84
250-->[host.exp.exponent:expo.modules.notifications:0.32.16] AndroidManifest.xml:29:25-81
251            </intent-filter>
252        </receiver>
253
254        <activity
254-->[host.exp.exponent:expo.modules.notifications:0.32.16] AndroidManifest.xml:33:9-40:75
255            android:name="expo.modules.notifications.service.NotificationForwarderActivity"
255-->[host.exp.exponent:expo.modules.notifications:0.32.16] AndroidManifest.xml:34:13-92
256            android:excludeFromRecents="true"
256-->[host.exp.exponent:expo.modules.notifications:0.32.16] AndroidManifest.xml:35:13-46
257            android:exported="false"
257-->[host.exp.exponent:expo.modules.notifications:0.32.16] AndroidManifest.xml:36:13-37
258            android:launchMode="standard"
258-->[host.exp.exponent:expo.modules.notifications:0.32.16] AndroidManifest.xml:37:13-42
259            android:noHistory="true"
259-->[host.exp.exponent:expo.modules.notifications:0.32.16] AndroidManifest.xml:38:13-37
260            android:taskAffinity=""
260-->[host.exp.exponent:expo.modules.notifications:0.32.16] AndroidManifest.xml:39:13-36